<?xml version="1.0" encoding="UTF-8"?>
<!-- Generated by org.testng.reporters.JUnitReportReporter -->
<testsuite skipped="0" hostname="Ektas-Air" name="testNGPractice.testNGAnnotations" tests="1" failures="0" timestamp="26 Oct 2017 05:03:08 GMT" time="0.007" errors="0">
  <testcase name="test" time="0.007" classname="testNGPractice.testNGAnnotations"/>
</testsuite> <!-- testNGPractice.testNGAnnotations -->
