<?xml version="1.0" encoding="UTF-8"?>
<!-- Generated by org.testng.reporters.JUnitReportReporter -->
<testsuite skipped="0" hostname="Ektas-MacBook-Air.local" name="guru99.TestCase9" tests="1" failures="0" timestamp="11 Nov 2017 17:13:42 GMT" time="9.098" errors="0">
  <testcase name="testCase9" time="9.098" classname="guru99.TestCase9"/>
</testsuite> <!-- guru99.TestCase9 -->
