<?xml version="1.0" encoding="UTF-8"?>
<!-- Generated by org.testng.reporters.JUnitReportReporter -->
<testsuite skipped="0" hostname="Ektas-Air" name="guru99.TestCase3" tests="1" failures="0" timestamp="27 Oct 2017 12:23:34 GMT" time="25.766" errors="0">
  <testcase name="testCase3" time="25.766" classname="guru99.TestCase3"/>
</testsuite> <!-- guru99.TestCase3 -->
