<?xml version="1.0" encoding="UTF-8"?>
<!-- Generated by org.testng.reporters.JUnitReportReporter -->
<testsuite skipped="0" hostname="Ektas-Air" name="guru99.TestCase1" tests="1" failures="0" timestamp="21 Aug 2018 17:15:46 GMT" time="1.598" errors="0">
  <testcase name="test" time="1.598" classname="guru99.TestCase1"/>
</testsuite> <!-- guru99.TestCase1 -->
