<?xml version="1.0" encoding="UTF-8"?>
<!-- Generated by org.testng.reporters.JUnitReportReporter -->
<testsuite skipped="0" hostname="Ektas-MacBook-Air.local" name="guru99.TestCase4" tests="1" failures="0" timestamp="28 Oct 2017 21:15:18 GMT" time="9.075" errors="0">
  <testcase name="testCase4" time="9.075" classname="guru99.TestCase4"/>
</testsuite> <!-- guru99.TestCase4 -->
