<?xml version="1.0" encoding="UTF-8"?>
<!-- Generated by org.testng.reporters.JUnitReportReporter -->
<testsuite skipped="0" hostname="Ektas-MacBook-Air.local" name="guru99.TestCase8" tests="1" failures="0" timestamp="04 Nov 2017 21:17:39 GMT" time="13.866" errors="0">
  <testcase name="testCase8" time="13.866" classname="guru99.TestCase8"/>
</testsuite> <!-- guru99.TestCase8 -->
