<?xml version="1.0" encoding="UTF-8"?>
<!-- Generated by org.testng.reporters.JUnitReportReporter -->
<testsuite skipped="0" hostname="Ektas-Air" name="guru99.TestCase5" tests="1" failures="0" timestamp="29 Oct 2017 20:34:44 GMT" time="12.529" errors="0">
  <testcase name="test" time="12.529" classname="guru99.TestCase5"/>
</testsuite> <!-- guru99.TestCase5 -->
