<?xml version="1.0" encoding="UTF-8"?>
<!-- Generated by org.testng.reporters.JUnitReportReporter -->
<testsuite skipped="0" hostname="Ektas-MacBook-Air.local" name="guru99.TestCase2" tests="1" failures="0" timestamp="27 Oct 2017 10:40:01 GMT" time="6.096" errors="0">
  <testcase name="testCase2" time="6.096" classname="guru99.TestCase2"/>
</testsuite> <!-- guru99.TestCase2 -->
